<?xml version="1.0" encoding="UTF-8"?>
<!-- Generated by org.testng.reporters.JUnitReportReporter -->
<testsuite hostname="DESKTOP-VMIQRCP" failures="0" tests="2" name="verificationUsingTestNG.MultiAssertTest" time="0.016" errors="0" timestamp="2023-01-19T13:58:29 IST" skipped="0">
  <testcase classname="verificationUsingTestNG.MultiAssertTest" name="equalsCheck" time="0.014"/>
  <system-out/>
  <testcase classname="verificationUsingTestNG.MultiAssertTest" name="notNullCheck" time="0.002"/>
  <system-out/>
</testsuite> <!-- verificationUsingTestNG.MultiAssertTest -->
