<?xml version="1.0" encoding="UTF-8"?>
<!-- Generated by org.testng.reporters.JUnitReportReporter -->
<testsuite hostname="DESKTOP-VMIQRCP" failures="0" tests="1" name="serialParallelExecution.MyTest1" time="24.879" errors="0" timestamp="2023-01-03T14:51:46 IST" skipped="0">
  <testcase classname="serialParallelExecution.MyTest1" name="google" time="24.879"/>
  <system-out/>
</testsuite> <!-- serialParallelExecution.MyTest1 -->
