<?xml version="1.0" encoding="UTF-8"?>
<!-- Generated by org.testng.reporters.JUnitReportReporter -->
<testsuite hostname="DESKTOP-VMIQRCP" failures="0" tests="1" name="velocityAssignment.ValidateErrorMessage" time="5.328" errors="0" timestamp="2023-01-15T00:29:26 IST" skipped="0">
  <testcase classname="velocityAssignment.ValidateErrorMessage" name="validateErrorMessage" time="5.328"/>
  <system-out>
    <![CDATA[getting actual user name
Actual user name is--->Invalid Mobile Number
Reading data from peroperty file
data isInvalid Mobile Number
Reading data from peroperty file
data isTCID-0909
taking screenshot 
screenShot taken and saved at C:\Users\tushar\Desktop\velocity\ss\TusharTCID-0909.jpg]]>
  </system-out>
</testsuite> <!-- velocityAssignment.ValidateErrorMessage -->
