<?xml version="1.0" encoding="UTF-8"?>
<!-- Generated by org.testng.reporters.JUnitReportReporter -->
<testsuite hostname="DESKTOP-VMIQRCP" failures="0" tests="3" name="testNGkeyword.MultipleKeyWord" time="0.019" errors="0" timestamp="2023-01-19T13:08:33 IST" skipped="0">
  <testcase classname="testNGkeyword.MultipleKeyWord" name="b" time="0.005"/>
  <system-out>
    <![CDATA[B is running]]>
  </system-out>
  <testcase classname="testNGkeyword.MultipleKeyWord" name="a" time="0.011"/>
  <system-out>
    <![CDATA[A is running]]>
  </system-out>
  <testcase classname="testNGkeyword.MultipleKeyWord" name="c" time="0.003"/>
  <system-out>
    <![CDATA[C is running]]>
  </system-out>
</testsuite> <!-- testNGkeyword.MultipleKeyWord -->
