<?xml version="1.0" encoding="UTF-8"?>
<!-- Generated by org.testng.reporters.JUnitReportReporter -->
<testsuite hostname="DESKTOP-VMIQRCP" failures="0" tests="4" name="TestNGStudy.KeywordEnabled" time="0.020" errors="0" timestamp="2022-12-27T16:22:20 IST" skipped="1">
  <testcase classname="TestNGStudy.KeywordEnabled" name="A" time="0.013"/>
  <system-out>
    <![CDATA[A running]]>
  </system-out>
  <testcase classname="TestNGStudy.KeywordEnabled" name="C" time="0.003"/>
  <system-out>
    <![CDATA[C running]]>
  </system-out>
  <testcase classname="TestNGStudy.KeywordEnabled" name="D" time="0.004"/>
  <system-out>
    <![CDATA[D running]]>
  </system-out>
  <testcase classname="TestNGStudy.KeywordEnabled" name="B">
    <skipped/>
  </testcase> <!-- B -->
  <system-out/>
</testsuite> <!-- TestNGStudy.KeywordEnabled -->
