<?xml version="1.0" encoding="UTF-8"?>
<!-- Generated by org.testng.reporters.JUnitReportReporter -->
<testsuite hostname="DESKTOP-VMIQRCP" failures="0" tests="3" name="TestNGStudy.TestNGgroup1" time="0.013" errors="0" timestamp="2023-01-19T13:39:01 IST" skipped="0">
  <testcase classname="TestNGStudy.TestNGgroup1" name="e" time="0.008"/>
  <system-out>
    <![CDATA[e is pass]]>
  </system-out>
  <testcase classname="TestNGStudy.TestNGgroup1" name="a" time="0.002"/>
  <system-out>
    <![CDATA[a is pass]]>
  </system-out>
  <testcase classname="TestNGStudy.TestNGgroup1" name="c" time="0.003"/>
  <system-out>
    <![CDATA[c is pass]]>
  </system-out>
</testsuite> <!-- TestNGStudy.TestNGgroup1 -->
