<?xml version="1.0" encoding="UTF-8"?>
<!-- Generated by org.testng.reporters.JUnitReportReporter -->
<testsuite hostname="DESKTOP-VMIQRCP" failures="0" tests="2" name="TestNGStudy.NeoStoxSample2" time="39.688" errors="0" timestamp="2022-12-28T23:10:09 IST" skipped="0">
  <testcase classname="TestNGStudy.NeoStoxSample2" name="upstoxLaunch" time="10.059"/>
  <system-out>
    <![CDATA[hi this is reporter
hi this is reporter]]>
  </system-out>
  <testcase classname="TestNGStudy.NeoStoxSample2" name="neoStoxLaunch" time="29.629"/>
  <system-out>
    <![CDATA[hi this is reporter
hi this is reporter]]>
  </system-out>
</testsuite> <!-- TestNGStudy.NeoStoxSample2 -->
