<?xml version="1.0" encoding="UTF-8"?>
<!-- Generated by org.testng.reporters.JUnitReportReporter -->
<testsuite hostname="DESKTOP-VMIQRCP" failures="0" tests="4" name="TestNGkeyword.KeywordDependsOnMethod" time="0.028" errors="0" timestamp="2023-01-19T12:54:02 IST" skipped="0">
  <testcase classname="TestNGkeyword.KeywordDependsOnMethod" name="D" time="0.002"/>
  <system-out>
    <![CDATA[D running]]>
  </system-out>
  <testcase classname="TestNGkeyword.KeywordDependsOnMethod" name="A" time="0.016"/>
  <system-out>
    <![CDATA[A running]]>
  </system-out>
  <testcase classname="TestNGkeyword.KeywordDependsOnMethod" name="B" time="0.003"/>
  <system-out>
    <![CDATA[B running]]>
  </system-out>
  <testcase classname="TestNGkeyword.KeywordDependsOnMethod" name="C" time="0.007"/>
  <system-out>
    <![CDATA[C running]]>
  </system-out>
</testsuite> <!-- TestNGkeyword.KeywordDependsOnMethod -->
