<?xml version="1.0" encoding="UTF-8"?>
<!-- Generated by org.testng.reporters.JUnitReportReporter -->
<testsuite hostname="DESKTOP-VMIQRCP" failures="0" tests="2" name="TestNGStudy.IncludeMethodsFromSuite2" time="0.005" errors="0" timestamp="2023-01-19T13:27:21 IST" skipped="0">
  <testcase classname="TestNGStudy.IncludeMethodsFromSuite2" name="chetan" time="0.004"/>
  <system-out>
    <![CDATA[my name is chetan]]>
  </system-out>
  <testcase classname="TestNGStudy.IncludeMethodsFromSuite2" name="tushar" time="0.001"/>
  <system-out>
    <![CDATA[my name is tushar]]>
  </system-out>
</testsuite> <!-- TestNGStudy.IncludeMethodsFromSuite2 -->
