<?xml version="1.0" encoding="UTF-8"?>
<!-- Generated by org.testng.reporters.JUnitReportReporter -->
<testsuite hostname="DESKTOP-VMIQRCP" failures="0" tests="2" name="TestNGStudy.ExcludeMethodsFromSuite" time="0.018" errors="0" timestamp="2023-01-19T13:27:21 IST" skipped="0">
  <testcase classname="TestNGStudy.ExcludeMethodsFromSuite" name="chetan" time="0.003"/>
  <system-out>
    <![CDATA[my name is chetan]]>
  </system-out>
  <testcase classname="TestNGStudy.ExcludeMethodsFromSuite" name="tushar" time="0.015"/>
  <system-out>
    <![CDATA[my name is tushar]]>
  </system-out>
</testsuite> <!-- TestNGStudy.ExcludeMethodsFromSuite -->
