<?xml version="1.0" encoding="UTF-8"?>
<!-- Generated by org.testng.reporters.JUnitReportReporter -->
<testsuite hostname="DESKTOP-VMIQRCP" failures="0" tests="4" name="TestNGkeyword.KeywordEnabled" time="0.026" errors="0" timestamp="2023-01-19T12:55:55 IST" skipped="1">
  <testcase classname="TestNGkeyword.KeywordEnabled" name="A" time="0.014"/>
  <system-out>
    <![CDATA[A running]]>
  </system-out>
  <testcase classname="TestNGkeyword.KeywordEnabled" name="C" time="0.004"/>
  <system-out>
    <![CDATA[C running]]>
  </system-out>
  <testcase classname="TestNGkeyword.KeywordEnabled" name="D" time="0.008"/>
  <system-out>
    <![CDATA[D running]]>
  </system-out>
  <testcase classname="TestNGkeyword.KeywordEnabled" name="B">
    <skipped/>
  </testcase> <!-- B -->
  <system-out/>
</testsuite> <!-- TestNGkeyword.KeywordEnabled -->
