<?xml version="1.0" encoding="UTF-8"?>
<!-- Generated by org.testng.reporters.JUnitReportReporter -->
<testsuite hostname="DESKTOP-VMIQRCP" failures="0" tests="1" name="TestNGClass.DemoClass1" time="29.983" errors="0" timestamp="2022-12-27T00:46:46 IST" skipped="0">
  <testcase classname="TestNGClass.DemoClass1" name="neostox" time="29.983"/>
  <system-out/>
</testsuite> <!-- TestNGClass.DemoClass1 -->
