<?xml version="1.0" encoding="UTF-8"?>
<!-- Generated by org.testng.reporters.JUnitReportReporter -->
<testsuite hostname="DESKTOP-VMIQRCP" failures="0" tests="1" name="testNGAnnotations.NeoStoxUserIDValidation" time="0.009" errors="0" timestamp="2022-12-29T17:32:35 IST" skipped="0">
  <testcase classname="testNGAnnotations.NeoStoxUserIDValidation" name="validateUserName" time="0.009"/>
  <system-out>
    <![CDATA[username is valid.tc is pass]]>
  </system-out>
</testsuite> <!-- testNGAnnotations.NeoStoxUserIDValidation -->
