<?xml version="1.0" encoding="UTF-8"?>
<!-- Generated by org.testng.reporters.JUnitReportReporter -->
<testsuite hostname="DESKTOP-VMIQRCP" failures="0" tests="3" name="TestNGStudy.TestNGgroup" time="0.021" errors="0" timestamp="2023-01-19T13:39:01 IST" skipped="0">
  <testcase classname="TestNGStudy.TestNGgroup" name="tc1" time="0.013"/>
  <system-out>
    <![CDATA[tc1 is pass]]>
  </system-out>
  <testcase classname="TestNGStudy.TestNGgroup" name="tc3" time="0.004"/>
  <system-out>
    <![CDATA[tc3 is pass]]>
  </system-out>
  <testcase classname="TestNGStudy.TestNGgroup" name="tc5" time="0.004"/>
  <system-out>
    <![CDATA[tc5 is pass]]>
  </system-out>
</testsuite> <!-- TestNGStudy.TestNGgroup -->
