<?xml version="1.0" encoding="UTF-8"?>
<!-- Generated by org.testng.reporters.JUnitReportReporter -->
<testsuite hostname="DESKTOP-VMIQRCP" failures="0" tests="1" name="cbTesting.MozilaLaunch" time="43.385" errors="0" timestamp="2022-12-30T20:41:01 IST" skipped="0">
  <testcase classname="cbTesting.MozilaLaunch" name="launch" time="43.385"/>
  <system-out/>
</testsuite> <!-- cbTesting.MozilaLaunch -->
