<?xml version="1.0" encoding="UTF-8"?>
<!-- Generated by org.testng.reporters.JUnitReportReporter -->
<testsuite hostname="DESKTOP-VMIQRCP" failures="0" tests="4" name="TestNGkeyword.Priority" time="0.029" errors="0" timestamp="2023-01-19T13:00:04 IST" skipped="0">
  <testcase classname="TestNGkeyword.Priority" name="a" time="0.022"/>
  <system-out>
    <![CDATA[tc a is pass]]>
  </system-out>
  <testcase classname="TestNGkeyword.Priority" name="b" time="0.003"/>
  <system-out>
    <![CDATA[tc b is pass]]>
  </system-out>
  <testcase classname="TestNGkeyword.Priority" name="c" time="0.002"/>
  <system-out>
    <![CDATA[tc c is pass]]>
  </system-out>
  <testcase classname="TestNGkeyword.Priority" name="d" time="0.002"/>
  <system-out>
    <![CDATA[tc d is pass]]>
  </system-out>
</testsuite> <!-- TestNGkeyword.Priority -->
