<?xml version="1.0" encoding="UTF-8"?>
<!-- Generated by org.testng.reporters.JUnitReportReporter -->
<testsuite hostname="DESKTOP-VMIQRCP" failures="0" tests="4" name="TestNGStudy.KeywordDependsOnMethod" time="0.018" errors="0" timestamp="2022-12-28T23:08:49 IST" skipped="0">
  <testcase classname="TestNGStudy.KeywordDependsOnMethod" name="D" time="0.003"/>
  <system-out>
    <![CDATA[D running]]>
  </system-out>
  <testcase classname="TestNGStudy.KeywordDependsOnMethod" name="A" time="0.011"/>
  <system-out>
    <![CDATA[A running]]>
  </system-out>
  <testcase classname="TestNGStudy.KeywordDependsOnMethod" name="B" time="0.002"/>
  <system-out>
    <![CDATA[B running]]>
  </system-out>
  <testcase classname="TestNGStudy.KeywordDependsOnMethod" name="C" time="0.002"/>
  <system-out>
    <![CDATA[C running]]>
  </system-out>
</testsuite> <!-- TestNGStudy.KeywordDependsOnMethod -->
