<?xml version="1.0" encoding="UTF-8"?>
<!-- Generated by org.testng.reporters.JUnitReportReporter -->
<testsuite hostname="DESKTOP-VMIQRCP" failures="0" tests="1" name="TestNGStudy.DemoClass1" time="5.697" errors="0" timestamp="2022-12-28T23:10:09 IST" skipped="0">
  <testcase classname="TestNGStudy.DemoClass1" name="neostox" time="5.697"/>
  <system-out/>
</testsuite> <!-- TestNGStudy.DemoClass1 -->
