<?xml version="1.0" encoding="UTF-8"?>
<!-- Generated by org.testng.reporters.JUnitReportReporter -->
<testsuite hostname="DESKTOP-VMIQRCP" failures="0" tests="1" name="verificationUsingTestNG.AssertEqualsStudy" time="0.014" errors="0" timestamp="2023-01-19T13:46:54 IST" skipped="0">
  <testcase classname="verificationUsingTestNG.AssertEqualsStudy" name="tushar" time="0.014"/>
  <system-out/>
</testsuite> <!-- verificationUsingTestNG.AssertEqualsStudy -->
