<?xml version="1.0" encoding="UTF-8"?>
<!-- Generated by org.testng.reporters.JUnitReportReporter -->
<testsuite hostname="DESKTOP-VMIQRCP" failures="0" tests="3" name="TestNGkeyword.KeywordTimeOut" time="4.035" errors="0" timestamp="2023-01-19T12:58:58 IST" skipped="0">
  <testcase classname="TestNGkeyword.KeywordTimeOut" name="B" time="4.017"/>
  <system-out>
    <![CDATA[B running]]>
  </system-out>
  <testcase classname="TestNGkeyword.KeywordTimeOut" name="C" time="0.004"/>
  <system-out>
    <![CDATA[C running]]>
  </system-out>
  <testcase classname="TestNGkeyword.KeywordTimeOut" name="A" time="0.014"/>
  <system-out>
    <![CDATA[A running]]>
  </system-out>
</testsuite> <!-- TestNGkeyword.KeywordTimeOut -->
