<?xml version="1.0" encoding="UTF-8"?>
<!-- Generated by org.testng.reporters.JUnitReportReporter -->
<testsuite hostname="DESKTOP-VMIQRCP" failures="0" tests="3" name="TestNGStudy.KeyWordInvocationCount" time="55.068" errors="0" timestamp="2022-12-27T16:03:29 IST" skipped="0">
  <testcase classname="TestNGStudy.KeyWordInvocationCount" name="TC1" time="21.492"/>
  <system-out>
    <![CDATA[TC1 running]]>
  </system-out>
  <testcase classname="TestNGStudy.KeyWordInvocationCount" name="TC1" time="12.711"/>
  <system-out>
    <![CDATA[TC1 running]]>
  </system-out>
  <testcase classname="TestNGStudy.KeyWordInvocationCount" name="TC1" time="20.865"/>
  <system-out>
    <![CDATA[TC1 running]]>
  </system-out>
</testsuite> <!-- TestNGStudy.KeyWordInvocationCount -->
