<?xml version="1.0" encoding="UTF-8"?>
<!-- Generated by org.testng.reporters.JUnitReportReporter -->
<testsuite hostname="DESKTOP-VMIQRCP" failures="0" tests="1" name="serialParallelExecution.MyTest2" time="23.594" errors="0" timestamp="2023-01-03T14:51:46 IST" skipped="0">
  <testcase classname="serialParallelExecution.MyTest2" name="fb" time="23.594"/>
  <system-out/>
</testsuite> <!-- serialParallelExecution.MyTest2 -->
