<?xml version="1.0" encoding="UTF-8"?>
<!-- Generated by org.testng.reporters.JUnitReportReporter -->
<testsuite hostname="DESKTOP-VMIQRCP" failures="0" tests="1" name="verificationUsingTestNG.AssertNotEquals" time="0.013" errors="0" timestamp="2023-01-19T13:49:29 IST" skipped="0">
  <testcase classname="verificationUsingTestNG.AssertNotEquals" name="fruits" time="0.013"/>
  <system-out/>
</testsuite> <!-- verificationUsingTestNG.AssertNotEquals -->
